2020-09-30 11:33:32 DEBUG Inside getall method of controller
2020-09-30 11:33:32 DEBUG Inside findAll method in service
2020-10-01 10:01:39 DEBUG Inside save method of controller
2020-10-01 10:02:19 DEBUG Inside save method of controller
2020-10-01 10:11:30 DEBUG Inside getById method of controller
2020-10-01 10:11:36 DEBUG Inside getById method of controller
2020-10-01 10:13:17 DEBUG Inside getById method of controller
2020-10-01 10:13:32 DEBUG Inside getById method of controller
2020-10-01 10:14:04 DEBUG Inside save method of controller
2020-10-01 10:14:04 DEBUG Inside getById method of controller
2020-10-01 10:15:45 DEBUG Inside save method of controller
2020-10-01 10:15:45 DEBUG Inside getById method of controller
2020-10-01 10:15:45 DEBUG Inside getall method of controller
2020-10-01 10:19:39 DEBUG Inside delete method of controller
2020-10-01 10:19:58 DEBUG Inside save method of controller
2020-10-01 10:19:58 DEBUG Inside getById method of controller
2020-10-01 10:19:58 DEBUG Inside delete method of controller
2020-10-01 10:19:58 DEBUG Inside getall method of controller
2020-10-01 10:20:26 DEBUG Inside save method of controller
2020-10-01 10:20:26 DEBUG Inside getById method of controller
2020-10-01 10:20:26 DEBUG Inside delete method of controller
2020-10-01 10:20:26 DEBUG Inside getall method of controller
2020-10-01 10:20:48 DEBUG Inside save method of controller
2020-10-01 10:20:48 DEBUG Inside getById method of controller
2020-10-01 10:20:48 DEBUG Inside delete method of controller
2020-10-01 10:20:48 DEBUG Inside getall method of controller
2020-10-01 10:51:14 DEBUG Inside save method of controller
2020-10-01 10:51:25 DEBUG Inside save method of controller
2020-10-01 10:51:47 DEBUG Inside save method of controller
2020-10-01 10:53:29 DEBUG Inside save method of controller
2020-10-01 10:57:40 DEBUG Inside save method of controller
2020-10-01 10:58:15 DEBUG Inside save method of controller
2020-10-01 10:59:32 DEBUG Inside save method of controller
2020-10-01 11:03:08 DEBUG Inside save method of controller
2020-10-01 11:13:25 DEBUG Inside save method of controller
2020-10-01 11:41:01 DEBUG Inside save method of controller
2020-10-01 11:41:10 DEBUG Inside save method of controller
2020-10-01 11:41:38 DEBUG Inside save method of controller
2020-10-01 11:41:38 DEBUG Inside save method of controller
2020-10-01 12:38:19 DEBUG Inside save method of controller
2020-10-01 14:43:22 DEBUG Inside save method of controller
2020-10-01 14:43:22 DEBUG Inside save method of controller
2020-10-01 14:43:22 DEBUG Inside getById method of controller
2020-10-01 14:43:31 DEBUG Inside save method of controller
2020-10-01 14:43:31 DEBUG Inside save method of controller
2020-10-01 14:43:31 DEBUG Inside getById method of controller
2020-10-01 14:43:41 DEBUG Inside save method of controller
2020-10-01 14:43:41 DEBUG Inside save method of controller
2020-10-01 14:43:41 DEBUG Inside getById method of controller
2020-10-01 16:16:04 DEBUG Inside getById method of controller
2020-10-01 16:16:14 DEBUG Inside getById method of controller
2020-10-01 16:16:21 DEBUG Inside getById method of controller
2020-10-01 16:16:38 DEBUG Inside save method of controller
2020-10-01 16:16:38 DEBUG Inside save method of controller
2020-10-01 16:16:38 DEBUG Inside getById method of controller
2020-10-01 16:16:38 DEBUG Inside getById method of controller
2020-10-01 16:34:03 DEBUG Inside save method of controller
2020-10-01 16:34:03 DEBUG Inside save method of controller
2020-10-01 16:34:03 DEBUG Inside getall method of controller
2020-10-01 16:34:03 DEBUG Inside getall method of controller
2020-10-01 16:34:03 DEBUG Inside getById method of controller
2020-10-01 16:34:03 DEBUG Inside getById method of controller
2020-10-01 18:17:22 DEBUG Inside delete method of controller
2020-10-01 18:17:26 DEBUG Inside delete method of controller
2020-10-01 18:18:41 DEBUG Inside save method of controller
2020-10-01 18:18:42 DEBUG Inside save method of controller
2020-10-01 18:18:42 DEBUG Inside getall method of controller
2020-10-01 18:18:42 DEBUG Inside getall method of controller
2020-10-01 18:18:42 DEBUG Inside delete method of controller
2020-10-01 18:18:42 DEBUG Inside getById method of controller
2020-10-01 18:18:42 DEBUG Inside getById method of controller
2020-10-01 18:18:42 DEBUG Inside delete method of controller
2020-10-02 12:43:16 DEBUG Inside save method of controller
2020-10-02 12:43:16 DEBUG Inside save method of controller
2020-10-02 12:43:16 DEBUG Inside getall method of controller
2020-10-02 12:43:16 DEBUG Inside getall method of controller
2020-10-02 12:43:16 DEBUG Inside delete method of controller
2020-10-02 12:43:16 DEBUG Inside getById method of controller
2020-10-02 12:43:16 DEBUG Inside getById method of controller
2020-10-02 12:43:16 DEBUG Inside delete method of controller
2020-10-02 15:12:17 DEBUG Inside save method of controller
2020-10-02 15:12:17 DEBUG Inside save method of controller
2020-10-02 15:12:17 DEBUG Inside getall method of controller
2020-10-02 15:12:17 DEBUG Inside getall method of controller
2020-10-02 15:12:17 DEBUG Inside delete method of controller
2020-10-02 15:12:17 DEBUG Inside getById method of controller
2020-10-02 15:12:17 DEBUG Inside getById method of controller
2020-10-02 15:12:17 DEBUG Inside delete method of controller
2020-10-02 16:17:14 DEBUG Inside save method in service 
2020-10-02 16:17:25 DEBUG Inside save method in service 
2020-10-02 16:34:36 DEBUG Inside save method in service 
2020-10-03 13:17:07 DEBUG Inside findById method in  service
2020-10-03 13:17:17 DEBUG Inside findById method in  service
2020-10-03 13:17:51 DEBUG Inside findById method in  service
2020-10-03 13:21:15 DEBUG Inside findById method in  service
2020-10-03 13:44:19 DEBUG Inside findAll method in service
2020-10-03 13:44:19 ERROR Inside catch block of findAll method in service
2020-10-03 13:44:45 DEBUG Inside findAll method in service
2020-10-03 13:44:45 ERROR Inside catch block of findAll method in service
2020-10-03 15:20:13 DEBUG Inside delete method in service
2020-10-03 15:20:25 DEBUG Inside delete method in service
2020-10-03 15:48:52 DEBUG Inside findById method in  service
2020-10-03 15:48:52 DEBUG Inside save method in service 
2020-10-03 15:48:52 DEBUG Inside delete method in service
2020-10-03 15:48:52 DEBUG Inside save method in service 
2020-10-03 15:50:05 DEBUG Inside findById method in  service
2020-10-03 15:50:05 DEBUG Inside save method in service 
2020-10-03 15:50:05 DEBUG Inside delete method in service
2020-10-03 15:50:05 DEBUG Inside save method in service 
2020-10-03 15:52:49 DEBUG Inside save method of controller
2020-10-03 15:52:49 DEBUG Inside save method of controller
2020-10-03 15:52:49 DEBUG Inside getall method of controller
2020-10-03 15:52:49 DEBUG Inside getall method of controller
2020-10-03 15:52:49 DEBUG Inside delete method of controller
2020-10-03 15:52:49 DEBUG Inside getById method of controller
2020-10-03 15:52:49 DEBUG Inside getById method of controller
2020-10-03 15:52:49 DEBUG Inside delete method of controller
2020-10-03 15:56:07 DEBUG Inside save method of controller
2020-10-03 15:56:07 DEBUG Inside save method of controller
2020-10-03 15:56:07 DEBUG Inside getall method of controller
2020-10-03 15:56:07 DEBUG Inside getall method of controller
2020-10-03 15:56:07 DEBUG Inside delete method of controller
2020-10-03 15:56:07 DEBUG Inside getById method of controller
2020-10-03 15:56:07 DEBUG Inside getById method of controller
2020-10-03 15:56:07 DEBUG Inside delete method of controller
2020-10-03 15:59:32 DEBUG Inside findById method in  service
2020-10-03 15:59:32 DEBUG Inside save method in service 
2020-10-03 15:59:32 DEBUG Inside delete method in service
2020-10-03 15:59:32 DEBUG Inside save method in service 
2020-10-03 18:50:12 DEBUG Inside findAll method in service
2020-10-03 18:54:56 DEBUG Inside findAll method in service
2020-10-03 18:57:01 DEBUG Inside findAll method in service
2020-10-03 18:57:32 DEBUG Inside findAll method in service
2020-10-03 19:03:10 DEBUG Inside findAll method in service
2020-10-03 19:03:12 DEBUG Inside findAll method in service
2020-10-03 19:03:12 DEBUG Inside findById method in  service
2020-10-03 19:03:12 DEBUG Inside save method in service 
2020-10-03 19:03:12 DEBUG Inside delete method in service
2020-10-03 19:03:12 DEBUG Inside save method in service 
2020-10-03 19:08:31 DEBUG Inside findById method in  service
2020-10-03 19:08:53 DEBUG Inside findAll method in service
2020-10-03 19:09:02 DEBUG Inside findAll method in service
2020-10-03 19:09:02 DEBUG Inside findById method in  service
2020-10-03 19:09:02 DEBUG Inside save method in service 
2020-10-03 19:09:02 DEBUG Inside findById method in  service
2020-10-03 19:09:02 DEBUG Inside delete method in service
2020-10-03 19:09:02 DEBUG Inside save method in service 
2020-10-03 19:17:01 DEBUG Inside save method in service 
2020-10-03 19:19:11 DEBUG Inside save method in service 
2020-10-03 19:20:19 DEBUG Inside save method in service 
2020-10-03 19:22:29 DEBUG Inside save method in service 
